********************************************************************************
DUPLICATOR-LITE PACKAGE-LOG: 17 de February de 2021 19:43
NOTICE: Do NOT post to public sites or forums 
********************************************************************************
VERSION:	1.3.40.1
WORDPRESS:	5.6.1
PHP INFO:	8.0.2 | SAPI: apache2handler
SERVER:		Apache/2.4.46 (Unix) OpenSSL/1.1.1i PHP/8.0.2 mod_perl/2.0.11 Perl/v5.32.1 
PHP TIME LIMIT: (0) no time limit imposed 
PHP MAX MEMORY: 4294967296 (512M default) 
MEMORY STACK: 9MB

********************************************************************************
DATABASE:
********************************************************************************
BUILD MODE:   MYSQLDUMP
MYSQLTIMEOUT: 5000
MYSQLDUMP:    Is Supported
MYSQL DUMP ERROR 1

==================================================================================
DUPLICATOR ERROR
Please try again! If the error persists see the Duplicator 'Help' menu.
---------------------------------------------------------------------------------
MESSAGE:
	Error en el volcado del shell mysql. Cambia el Script SQL por el «Código PHP» en Duplicator > Ajustes > Paquetes.
DETAILS:
	/usr/bin/mysqldump: /opt/lampp/lib/libstdc++.so.6: version `GLIBCXX_3.4.21' not found (required by /usr/bin/mysqldump)
/* Duplicator WordPress Timestamp: 2021-02-17 19:43:56*/
/* DUPLICATOR_MYSQLDUMP_EOF */
TRACE:
	 1. class.pack.database.php : Error (546)
	 2. class.pack.database.php : mysqlDump (186)
	 3. class.pack.php : build (1311)
	 4. ctrl.package.php : runZipBuild (98)
	 5. class-wp-hook.php : duplicator_package_build (287)
	 6. class-wp-hook.php : apply_filters (311)
	 7. plugin.php : do_action (484)
	 8. admin-ajax.php : do_action (184)
==================================================================================


==================================================================================
DUPLICATOR ERROR
Please try again! If the error persists see the Duplicator 'Help' menu.
---------------------------------------------------------------------------------
MESSAGE:
	Runtime error in DUP_Database::Build. Error en el volcado del shell mysql. Cambia el Script SQL por el «Código PHP» en Duplicator > Ajustes > Paquetes.
DETAILS:
	Exception: Exception: Error en el volcado del shell mysql. Cambia el Script SQL por el «Código PHP» en Duplicator > Ajustes > Paquetes. in /opt/lampp/htdocs/wordpress/wp-content/plugins/duplicator/classes/class.logging.php:275
Stack trace:
#0 /opt/lampp/htdocs/wordpress/wp-content/plugins/duplicator/classes/package/class.pack.database.php(546): DUP_Log::Error('Error en el vol...', '/usr/bin/mysqld...', 1)
#1 /opt/lampp/htdocs/wordpress/wp-content/plugins/duplicator/classes/package/class.pack.database.php(186): DUP_Database->mysqlDump('/usr/bin/mysqld...')
#2 /opt/lampp/htdocs/wordpress/wp-content/plugins/duplicator/classes/package/class.pack.php(1311): DUP_Database->build(Object(DUP_Package), 1)
#3 /opt/lampp/htdocs/wordpress/wp-content/plugins/duplicator/ctrls/ctrl.package.php(98): DUP_Package->runZipBuild()
#4 /opt/lampp/htdocs/wordpress/wp-includes/class-wp-hook.php(287): duplicator_package_build('')
#5 /opt/lampp/htdocs/wordpress/wp-includes/class-wp-hook.php(311): WP_Hook->apply_filters('', Array)
#6 /opt/lampp/htdocs/wordpress/wp-includes/plugin.php(484): WP_Hook->do_action(Array)
#7 /opt/lampp/htdocs/wordpress/wp-admin/admin-ajax.php(184): do_action('wp_ajax_duplica...')
#8 {main}
TRACE:
	 1. class.pack.database.php : Error (221)
	 2. class.pack.php : build (1311)
	 3. ctrl.package.php : runZipBuild (98)
	 4. class-wp-hook.php : duplicator_package_build (287)
	 5. class-wp-hook.php : apply_filters (311)
	 6. plugin.php : do_action (484)
	 7. admin-ajax.php : do_action (184)
==================================================================================

[PHP ERR][ISSUE] MSG:Required parameter $currency follows optional parameter $order [CODE:8192|FILE:/opt/lampp/htdocs/wordpress/wp-content/plugins/woocommerce-gateway-stripe/includes/class-wc-stripe-helper.php|LINE:40]
DUP_Handler::shutdown, DUP_Handler::error, DUP_Handler::getMessage
